<?xml version="1.0" encoding="UTF-8"?>
<testng-results ignored="0" total="1" passed="1" failed="0" skipped="0">
  <reporter-output>
  </reporter-output>
  <suite started-at="2026-03-30T23:29:21 IST" name="Default suite" finished-at="2026-03-30T23:29:55 IST" duration-ms="33683">
    <groups>
    </groups>
    <test started-at="2026-03-30T23:29:21 IST" name="Default test" finished-at="2026-03-30T23:29:55 IST" duration-ms="33683">
      <class name="tests.E2EFullFlow">
        <test-method is-config="true" signature="setup()[pri:0, instance:tests.E2EFullFlow@33d512c1]" started-at="2026-03-30T23:29:13 IST" name="setup" finished-at="2026-03-30T23:29:21 IST" duration-ms="8331" status="PASS">
          <reporter-output>
          </reporter-output>
        </test-method> <!-- setup -->
        <test-method signature="testCompleteE2EFlow()[pri:0, instance:tests.E2EFullFlow@33d512c1]" started-at="2026-03-30T23:29:21 IST" name="testCompleteE2EFlow" finished-at="2026-03-30T23:29:55 IST" duration-ms="33608" status="PASS">
          <reporter-output>
          </reporter-output>
        </test-method> <!-- testCompleteE2EFlow -->
        <test-method is-config="true" signature="tearDown()[pri:0, instance:tests.E2EFullFlow@33d512c1]" started-at="2026-03-30T23:29:55 IST" name="tearDown" finished-at="2026-03-30T23:29:57 IST" duration-ms="1995" status="PASS">
          <reporter-output>
          </reporter-output>
        </test-method> <!-- tearDown -->
      </class> <!-- tests.E2EFullFlow -->
    </test> <!-- Default test -->
  </suite> <!-- Default suite -->
</testng-results>
