<?xml version="1.0" encoding="UTF-8"?>
<!-- Generated by org.testng.reporters.JUnitReportReporter -->
<testsuite hostname="LAPTOP-S80L74PF" failures="0" tests="3" name="tests.LoginTest" time="5.274" errors="0" timestamp="2026-03-30T22:48:08 IST" skipped="0">
  <testcase classname="tests.LoginTest" name="loginTest" time="1.277"/>
  <testcase classname="tests.LoginTest" name="loginTest" time="1.473"/>
  <testcase classname="tests.LoginTest" name="loginTest" time="2.524"/>
</testsuite> <!-- tests.LoginTest -->
